<?xml version="1.0" encoding="UTF-8"?>
<!-- Generated by org.testng.reporters.JUnitXMLReporter -->
<testsuite hostname="SAVITAP" ignored="0" name="Submit order" tests="3" failures="0" timestamp="2024-08-16T17:02:26 IST" time="35.508" errors="0">
  <testcase name="submitOrder" time="5.016" classname="seleniumframework.FinalTestngTest"/>
  <testcase name="submitOrder" time="4.442" classname="seleniumframework.FinalTestngTest"/>
  <testcase name="OrderHistorycheck" time="0.843" classname="seleniumframework.FinalTestngTest"/>
</testsuite> <!-- Submit order -->
